Found 160 entries.
Found common filename prefix "/home/runner/work/neml2/neml2/src/neml2"
Generating output.
Processing file tensors/user_tensors/OnesPrimitiveTensor.cxx
  lines=12 hit=12 functions=40 hit=31
Processing file tensors/R3.cxx
  lines=11 hit=11 functions=3 hit=3
Processing file misc/math.cxx
  lines=168 hit=160 functions=35 hit=33
Processing file models/BackwardEulerTimeIntegration.cxx
  lines=42 hit=41 functions=12 hit=9
Processing file models/solid_mechanics/PowerLawKinematicHardeningStaticRecovery.cxx
  lines=33 hit=32 functions=3 hit=3
Processing file tensors/VecBase.cxx
  lines=25 hit=25 functions=30 hit=20
Processing file models/solid_mechanics/ThermalEigenstrain.cxx
  lines=31 hit=26 functions=3 hit=3
Processing file tensors/Vec.cxx
  lines=7 hit=7 functions=3 hit=3
Processing file tensors/user_tensors/EmptyTensor.cxx
  lines=15 hit=14 functions=2 hit=2
Processing file models/VariableStore.cxx
  lines=88 hit=62 functions=18 hit=13
Processing file models/crystallography/user_tensors/SymmetryFromOrbifold.cxx
  lines=13 hit=12 functions=2 hit=2
Processing file models/solid_mechanics/crystal_plasticity/SingleSlipStrengthMap.cxx
  lines=22 hit=21 functions=3 hit=3
Processing file models/solid_mechanics/GTNYieldFunction.cxx
  lines=197 hit=196 functions=3 hit=3
Processing file models/solid_mechanics/PerzynaPlasticFlowRate.cxx
  lines=33 hit=32 functions=3 hit=3
Processing file models/crystallography/crystallography.cxx
  lines=56 hit=55 functions=6 hit=6
Processing file tensors/SWR4.cxx
  lines=3 hit=3 functions=1 hit=1
Processing file models/solid_mechanics/KocksMeckingRateSensitivity.cxx
  lines=55 hit=54 functions=3 hit=3
Processing file models/solid_mechanics/IsotropicElasticityTensor.cxx
  lines=59 hit=53 functions=5 hit=5
Processing file tensors/WR2.cxx
  lines=28 hit=28 functions=4 hit=4
Processing file tensors/user_tensors/UserTensor.cxx
  lines=27 hit=26 functions=2 hit=2
Processing file models/NonlinearParameter.cxx
  lines=6 hit=6 functions=40 hit=23
Processing file base/OptionSet.cxx
  lines=50 hit=47 functions=17 hit=16
Processing file models/solid_mechanics/crystal_plasticity/VoceSingleSlipHardeningRule.cxx
  lines=25 hit=24 functions=3 hit=3
Processing file base/EnumSelection.cxx
  lines=60 hit=58 functions=11 hit=10
Processing file models/solid_mechanics/KocksMeckingFlowViscosity.cxx
  lines=85 hit=84 functions=3 hit=3
Processing file tensors/user_tensors/LogspaceTensor.cxx
  lines=37 hit=34 functions=3 hit=3
Processing file tensors/Rot.cxx
  lines=135 hit=109 functions=18 hit=13
Processing file tensors/WSR4.cxx
  lines=3 hit=3 functions=1 hit=1
Processing file misc/error.cxx
  lines=4 hit=4 functions=2 hit=2
Processing file models/InputParameter.cxx
  lines=19 hit=18 functions=60 hit=24
Processing file misc/utils.cxx
  lines=28 hit=22 functions=7 hit=7
Processing file tensors/R4.cxx
  lines=40 hit=37 functions=9 hit=8
Processing file models/solid_mechanics/GursonCavitation.cxx
  lines=30 hit=29 functions=3 hit=3
Processing file base/NEML2Object.cxx
  lines=10 hit=9 functions=2 hit=2
Processing file tensors/Scalar.cxx
  lines=16 hit=8 functions=5 hit=3
Processing file models/solid_mechanics/OlevskySinteringStress.cxx
  lines=30 hit=29 functions=3 hit=3
Processing file models/solid_mechanics/RateIndependentPlasticFlowConstraint.cxx
  lines=30 hit=29 functions=3 hit=3
Processing file models/solid_mechanics/ElasticityTensor.cxx
  lines=8 hit=7 functions=2 hit=2
Processing file solvers/NewtonWithTrustRegion.cxx
  lines=96 hit=84 functions=8 hit=8
Processing file models/solid_mechanics/crystal_plasticity/SingleSlipHardeningRule.cxx
  lines=19 hit=18 functions=2 hit=2
Processing file models/VariableRate.cxx
  lines=42 hit=41 functions=12 hit=8
Processing file solvers/Solver.cxx
  lines=10 hit=9 functions=2 hit=2
Processing file solvers/NonlinearSystem.cxx
  lines=102 hit=83 functions=13 hit=11
Processing file models/ForwardEulerTimeIntegration.cxx
  lines=39 hit=37 functions=12 hit=8
Processing file tensors/user_tensors/EmptyPrimitiveTensor.cxx
  lines=12 hit=12 functions=40 hit=31
Processing file models/solid_mechanics/Normality.cxx
  lines=45 hit=42 functions=3 hit=3
Processing file jit/utils.cxx
  lines=6 hit=0 functions=2 hit=0
Processing file models/solid_mechanics/Eigenstrain.cxx
  lines=9 hit=8 functions=2 hit=2
Processing file base/Settings.cxx
  lines=55 hit=53 functions=2 hit=2
Processing file models/solid_mechanics/AnisotropicElasticity.cxx
  lines=10 hit=9 functions=2 hit=2
Processing file models/ArrheniusParameter.cxx
  lines=33 hit=32 functions=3 hit=3
Processing file tensors/user_tensors/FillR2.cxx
  lines=31 hit=27 functions=3 hit=3
Processing file models/solid_mechanics/MixedControlSetup.cxx
  lines=51 hit=50 functions=4 hit=4
Processing file models/solid_mechanics/KocksMeckingFlowSwitch.cxx
  lines=43 hit=42 functions=3 hit=3
Processing file models/CopyVariable.cxx
  lines=20 hit=19 functions=60 hit=23
Processing file models/solid_mechanics/crystal_plasticity/PowerLawSlipRule.cxx
  lines=28 hit=27 functions=3 hit=3
Processing file models/solid_mechanics/YieldFunction.cxx
  lines=37 hit=36 functions=3 hit=3
Processing file models/crystallography/MillerIndex.cxx
  lines=14 hit=14 functions=4 hit=4
Processing file tensors/user_tensors/OnesTensor.cxx
  lines=14 hit=13 functions=2 hit=2
Processing file models/RotationMatrix.cxx
  lines=22 hit=21 functions=3 hit=3
Processing file tensors/user_tensors/IdentityTensor.cxx
  lines=14 hit=13 functions=2 hit=2
Processing file solvers/Newton.cxx
  lines=42 hit=34 functions=7 hit=6
Processing file models/solid_mechanics/FredrickArmstrongPlasticHardening.cxx
  lines=44 hit=43 functions=3 hit=3
Processing file models/solid_mechanics/crystal_plasticity/OrientationRate.cxx
  lines=40 hit=39 functions=3 hit=3
Processing file models/WR2ImplicitExponentialTimeIntegration.cxx
  lines=47 hit=46 functions=4 hit=4
Processing file solvers/NonlinearSolver.cxx
  lines=16 hit=15 functions=2 hit=2
Processing file models/solid_mechanics/crystal_plasticity/SlipStrengthMap.cxx
  lines=15 hit=14 functions=2 hit=2
Processing file models/BufferStore.cxx
  lines=11 hit=4 functions=3 hit=1
Processing file tensors/user_tensors/FillRot.cxx
  lines=27 hit=25 functions=3 hit=3
Processing file tensors/TensorValue.cxx
  lines=13 hit=10 functions=105 hit=4
Processing file models/solid_mechanics/MandelStress.cxx
  lines=13 hit=12 functions=2 hit=2
Processing file models/solid_mechanics/FlowRule.cxx
  lines=11 hit=10 functions=2 hit=2
Processing file models/crystallography/CubicCrystal.cxx
  lines=14 hit=13 functions=2 hit=2
Processing file models/Variable.cxx
  lines=189 hit=160 functions=213 hit=63
Processing file drivers/Driver.cxx
  lines=10 hit=9 functions=2 hit=2
Processing file base/DiagnosticsInterface.cxx
  lines=44 hit=32 functions=9 hit=6
Processing file tensors/Transformable.cxx
  lines=14 hit=12 functions=6 hit=5
Processing file models/ImplicitUpdate.cxx
  lines=69 hit=67 functions=5 hit=5
Processing file models/LinearInterpolation.cxx
  lines=26 hit=25 functions=9 hit=7
Processing file models/solid_mechanics/AssociativeIsotropicPlasticHardening.cxx
  lines=27 hit=26 functions=3 hit=3
Processing file models/solid_mechanics/AssociativeJ2FlowDirection.cxx
  lines=27 hit=26 functions=3 hit=3
Processing file base/HITParser.cxx
  lines=70 hit=70 functions=4 hit=4
Processing file tensors/user_tensors/UserTensorBase.cxx
  lines=8 hit=7 functions=2 hit=2
Processing file models/SR2Invariant.cxx
  lines=78 hit=72 functions=3 hit=3
Processing file models/solid_mechanics/crystal_plasticity/PlasticDeformationRate.cxx
  lines=36 hit=35 functions=3 hit=3
Processing file models/solid_mechanics/LinearIsotropicElasticJ2TrialStressUpdate.cxx
  lines=41 hit=40 functions=3 hit=3
Processing file models/Data.cxx
  lines=8 hit=7 functions=2 hit=2
Processing file solvers/NewtonWithLineSearch.cxx
  lines=45 hit=40 functions=4 hit=4
Processing file models/solid_mechanics/PowerLawIsotropicHardeningStaticRecovery.cxx
  lines=30 hit=29 functions=3 hit=3
Processing file tensors/user_tensors/LinspacePrimitiveTensor.cxx
  lines=29 hit=28 functions=60 hit=44
Processing file models/solid_mechanics/crystal_plasticity/ResolvedShear.cxx
  lines=35 hit=34 functions=3 hit=3
Processing file models/solid_mechanics/crystal_plasticity/SlipRule.cxx
  lines=22 hit=21 functions=2 hit=2
Processing file drivers/solid_mechanics/SDTSolidMechanicsDriver.cxx
  lines=27 hit=26 functions=4 hit=4
Processing file tensors/WWR4.cxx
  lines=6 hit=6 functions=2 hit=2
Processing file drivers/solid_mechanics/SolidMechanicsDriver.cxx
  lines=86 hit=86 functions=7 hit=7
Processing file models/crystallography/CrystalGeometry.cxx
  lines=120 hit=118 functions=16 hit=16
Processing file tensors/user_tensors/FillSR2.cxx
  lines=21 hit=17 functions=3 hit=3
Processing file tensors/user_tensors/FullPrimitiveTensor.cxx
  lines=16 hit=16 functions=40 hit=31
Processing file models/solid_mechanics/LinearKinematicHardening.cxx
  lines=18 hit=17 functions=3 hit=3
Processing file models/LabeledAxis.cxx
  lines=239 hit=218 functions=33 hit=32
Processing file solvers/TrustRegionSubProblem.cxx
  lines=24 hit=24 functions=6 hit=6
Processing file tensors/Tensor.cxx
  lines=107 hit=83 functions=19 hit=17
Processing file models/solid_mechanics/Elasticity.cxx
  lines=23 hit=22 functions=2 hit=2
Processing file models/LinearCombination.cxx
  lines=46 hit=46 functions=12 hit=9
Processing file models/solid_mechanics/PlasticFlowRate.cxx
  lines=12 hit=11 functions=2 hit=2
Processing file tensors/SR2.cxx
  lines=82 hit=82 functions=24 hit=24
Processing file misc/types.cxx
  lines=93 hit=82 functions=28 hit=25
Processing file models/solid_mechanics/crystal_plasticity/SumSlipRates.cxx
  lines=26 hit=25 functions=3 hit=3
Processing file models/ComposedModel.cxx
  lines=87 hit=84 functions=7 hit=7
Processing file models/solid_mechanics/VoceIsotropicHardening.cxx
  lines=28 hit=27 functions=3 hit=3
Processing file tensors/user_tensors/FillWR2.cxx
  lines=14 hit=13 functions=3 hit=3
Processing file models/solid_mechanics/crystal_plasticity/ElasticStrainRate.cxx
  lines=40 hit=39 functions=3 hit=3
Processing file tensors/tensors.cxx
  lines=4 hit=3 functions=1 hit=1
Processing file tensors/SSR4.cxx
  lines=90 hit=84 functions=24 hit=21
Processing file models/ConstantParameter.cxx
  lines=17 hit=15 functions=60 hit=24
Processing file misc/parser_utils.cxx
  lines=63 hit=54 functions=11 hit=10
Processing file models/solid_mechanics/GeneralElasticity.cxx
  lines=33 hit=32 functions=3 hit=3
Processing file tensors/user_tensors/ZerosTensor.cxx
  lines=14 hit=13 functions=2 hit=2
Processing file models/solid_mechanics/IsotropicHardeningStaticRecovery.cxx
  lines=17 hit=16 functions=2 hit=2
Processing file tensors/Quaternion.cxx
  lines=34 hit=23 functions=7 hit=4
Processing file models/solid_mechanics/TwoStageThermalAnnealing.cxx
  lines=45 hit=45 functions=6 hit=6
Processing file tensors/user_tensors/UserPrimitiveTensor.cxx
  lines=24 hit=20 functions=40 hit=31
Processing file models/solid_mechanics/IsotropicHardening.cxx
  lines=13 hit=12 functions=2 hit=2
Processing file models/solid_mechanics/crystal_plasticity/CrystalMean.cxx
  lines=27 hit=26 functions=3 hit=3
Processing file drivers/solid_mechanics/LDISolidMechanicsDriver.cxx
  lines=83 hit=77 functions=9 hit=8
Processing file models/solid_mechanics/ChabochePlasticHardening.cxx
  lines=40 hit=39 functions=3 hit=3
Processing file models/solid_mechanics/KocksMeckingYieldStress.cxx
  lines=29 hit=28 functions=3 hit=3
Processing file models/solid_mechanics/LinearIsotropicElasticity.cxx
  lines=41 hit=40 functions=3 hit=3
Processing file models/solid_mechanics/KocksMeckingActivationEnergy.cxx
  lines=41 hit=40 functions=3 hit=3
Processing file models/solid_mechanics/SlopeSaturationVoceIsotropicHardening.cxx
  lines=39 hit=38 functions=3 hit=3
Processing file models/solid_mechanics/KinematicHardening.cxx
  lines=13 hit=12 functions=2 hit=2
Processing file models/ParameterStore.cxx
  lines=89 hit=63 functions=30 hit=9
Processing file tensors/user_tensors/ZerosPrimitiveTensor.cxx
  lines=12 hit=12 functions=40 hit=31
Processing file models/LabeledAxisAccessor.cxx
  lines=64 hit=62 functions=17 hit=17
Processing file models/solid_mechanics/crystal_plasticity/LinearSingleSlipHardeningRule.cxx
  lines=19 hit=18 functions=3 hit=3
Processing file tensors/user_tensors/LogspacePrimitiveTensor.cxx
  lines=32 hit=31 functions=60 hit=42
Processing file models/solid_mechanics/LinearIsotropicHardening.cxx
  lines=18 hit=17 functions=3 hit=3
Processing file models/solid_mechanics/AssociativePlasticFlow.cxx
  lines=26 hit=25 functions=3 hit=3
Processing file drivers/TransientDriver.cxx
  lines=167 hit=166 functions=15 hit=15
Processing file models/solid_mechanics/KocksMeckingIntercept.cxx
  lines=41 hit=40 functions=3 hit=3
Processing file base/OptionCollection.cxx
  lines=4 hit=4 functions=2 hit=2
Processing file tensors/user_tensors/LinspaceTensor.cxx
  lines=35 hit=34 functions=3 hit=3
Processing file models/Model.cxx
  lines=241 hit=196 functions=36 hit=29
Processing file models/solid_mechanics/crystal_plasticity/PlasticVorticity.cxx
  lines=36 hit=35 functions=3 hit=3
Processing file tensors/user_tensors/Orientation.cxx
  lines=45 hit=38 functions=4 hit=4
Processing file models/WR2ExplicitExponentialTimeIntegration.cxx
  lines=44 hit=36 functions=4 hit=3
Processing file base/Factory.cxx
  lines=51 hit=46 functions=11 hit=11
Processing file models/solid_mechanics/KinematicHardeningStaticRecovery.cxx
  lines=16 hit=15 functions=2 hit=2
Processing file tensors/user_tensors/FullTensor.cxx
  lines=18 hit=17 functions=2 hit=2
Processing file tensors/R2Base.cxx
  lines=87 hit=87 functions=19 hit=19
Processing file models/Assembler.cxx
  lines=110 hit=108 functions=6 hit=6
Processing file tensors/TensorBase.cxx
  lines=165 hit=138 functions=840 hit=238
Processing file models/solid_mechanics/crystal_plasticity/FixOrientation.cxx
  lines=30 hit=29 functions=3 hit=3
Processing file models/crystallography/user_tensors/FillMillerIndex.cxx
  lines=15 hit=14 functions=3 hit=3
Processing file models/solid_mechanics/AssociativeKinematicPlasticHardening.cxx
  lines=29 hit=28 functions=3 hit=3
Processing file base/CrossRef.cxx
  lines=11 hit=11 functions=22 hit=15
Processing file models/solid_mechanics/IsotropicMandelStress.cxx
  lines=13 hit=12 functions=2 hit=2
Processing file models/solid_mechanics/CubicElasticityTensor.cxx
  lines=80 hit=68 functions=6 hit=6
Processing file base/Registry.cxx
  lines=26 hit=26 functions=6 hit=6
Processing file tensors/R2.cxx
  lines=11 hit=9 functions=4 hit=3
Overall coverage rate:
  lines......: 91.9% (6166 of 6711 lines)
  functions......: 55.3% (1439 of 2602 functions)
